2025-04-29 21:18:39,054 INFO o.a.j.u.JMeterUtils: Setting Locale to ru_RU
2025-04-29 21:18:39,063 ERROR o.a.j.u.JMeterUtils: Could not find resources for 'ru_RU'
2025-04-29 21:18:39,063 INFO o.a.j.JMeter: Loading user properties from: user.properties
2025-04-29 21:18:39,063 INFO o.a.j.JMeter: Loading system properties from: system.properties
2025-04-29 21:18:39,064 INFO o.a.j.JMeter: Loading additional properties from: D:\itmo_labs\TPO\tpo_lab4\apache-jmeter-5.6.3\bin\user.properties
2025-04-29 21:18:39,068 INFO o.a.j.JMeter: Copyright (c) 1998-2024 The Apache Software Foundation
2025-04-29 21:18:39,068 INFO o.a.j.JMeter: Version 5.6.3
2025-04-29 21:18:39,068 INFO o.a.j.JMeter: java.version=1.8.0_401
2025-04-29 21:18:39,068 INFO o.a.j.JMeter: java.vm.name=Java HotSpot(TM) 64-Bit Server VM
2025-04-29 21:18:39,068 INFO o.a.j.JMeter: os.name=Windows 11
2025-04-29 21:18:39,068 INFO o.a.j.JMeter: os.arch=amd64
2025-04-29 21:18:39,068 INFO o.a.j.JMeter: os.version=10.0
2025-04-29 21:18:39,068 INFO o.a.j.JMeter: file.encoding=Cp1251
2025-04-29 21:18:39,069 INFO o.a.j.JMeter: java.awt.headless=true
2025-04-29 21:18:39,069 INFO o.a.j.JMeter: Max memory     =7618953216
2025-04-29 21:18:39,069 INFO o.a.j.JMeter: Available Processors =16
2025-04-29 21:18:39,072 INFO o.a.j.JMeter: Default Locale=ðóññêèé (Ðîññèÿ)
2025-04-29 21:18:39,072 INFO o.a.j.JMeter: JMeter  Locale=ðóññêèé (Ðîññèÿ)
2025-04-29 21:18:39,072 INFO o.a.j.JMeter: JMeterHome=D:\itmo_labs\TPO\tpo_lab4\apache-jmeter-5.6.3
2025-04-29 21:18:39,072 INFO o.a.j.JMeter: user.dir  =D:\itmo_labs\TPO\tpo_lab4\apache-jmeter-5.6.3\bin
2025-04-29 21:18:39,072 INFO o.a.j.JMeter: PWD       =D:\itmo_labs\TPO\tpo_lab4\apache-jmeter-5.6.3\bin
2025-04-29 21:18:39,074 INFO o.a.j.JMeter: IP: 192.168.31.109 Name: ilusha FullName: host.docker.internal
2025-04-29 21:18:39,085 INFO o.a.j.JMeter: Setting property 'jmeter.reportgenerator.outputdir' to:'D:\itmo_labs\TPO\tpo_lab4\123'
2025-04-29 21:18:39,088 INFO o.a.j.r.d.ReportGenerator: ReportGenerator will use for Parsing the separator: ','
2025-04-29 21:18:39,088 INFO o.a.j.r.d.ReportGenerator: Will only generate report from results file: D:\itmo_labs\TPO\tpo_lab4\result.csv
2025-04-29 21:18:39,088 INFO o.a.j.r.d.ReportGenerator: Reading report generator properties from: D:\itmo_labs\TPO\tpo_lab4\apache-jmeter-5.6.3\bin\reportgenerator.properties
2025-04-29 21:18:39,090 INFO o.a.j.r.d.ReportGenerator: Merging with JMeter properties
2025-04-29 21:18:39,093 INFO o.a.j.r.c.ReportGeneratorConfiguration: Property 'jmeter.reportgenerator.temp_dir' not found, using default value 'temp' instead.
2025-04-29 21:18:39,094 INFO o.a.j.r.c.ReportGeneratorConfiguration: Property 'jmeter.reportgenerator.apdex_per_transaction' not found, using default value 'null' instead.
2025-04-29 21:18:39,099 INFO o.a.j.r.c.ReportGeneratorConfiguration: apdex_per_transaction is empty, not APDEX per transaction customization
2025-04-29 21:18:39,099 INFO o.a.j.r.c.ReportGeneratorConfiguration: Property 'jmeter.reportgenerator.sample_filter' not found, using default value 'null' instead.
2025-04-29 21:18:39,099 INFO o.a.j.r.c.ReportGeneratorConfiguration: Property 'jmeter.reportgenerator.report_title' not found, using default value 'null' instead.
2025-04-29 21:18:39,099 INFO o.a.j.r.c.ReportGeneratorConfiguration: Property 'jmeter.reportgenerator.start_date' not found, using default value 'null' instead.
2025-04-29 21:18:39,099 INFO o.a.j.r.c.ReportGeneratorConfiguration: Property 'jmeter.reportgenerator.end_date' not found, using default value 'null' instead.
2025-04-29 21:18:39,100 INFO o.a.j.r.c.ReportGeneratorConfiguration: Property 'jmeter.reportgenerator.date_format' not found, using default value 'null' instead.
2025-04-29 21:18:39,100 INFO o.a.j.r.c.ReportGeneratorConfiguration: Will use date range start date: null, end date: null
2025-04-29 21:18:39,102 INFO o.a.j.r.c.ReportGeneratorConfiguration: Property 'jmeter.reportgenerator.graph.totalTPS.exclude_controllers' not found, using default value 'false' instead.
2025-04-29 21:18:39,102 INFO o.a.j.r.c.ReportGeneratorConfiguration: Property 'jmeter.reportgenerator.graph.activeThreadsOverTime.exclude_controllers' not found, using default value 'false' instead.
2025-04-29 21:18:39,103 INFO o.a.j.r.c.ReportGeneratorConfiguration: Property 'jmeter.reportgenerator.graph.timeVsThreads.exclude_controllers' not found, using default value 'false' instead.
2025-04-29 21:18:39,103 INFO o.a.j.r.c.ReportGeneratorConfiguration: Property 'jmeter.reportgenerator.graph.responseTimeDistribution.exclude_controllers' not found, using default value 'false' instead.
2025-04-29 21:18:39,103 INFO o.a.j.r.c.ReportGeneratorConfiguration: Property 'jmeter.reportgenerator.graph.transactionsPerSecond.exclude_controllers' not found, using default value 'false' instead.
2025-04-29 21:18:39,103 INFO o.a.j.r.c.ReportGeneratorConfiguration: Property 'jmeter.reportgenerator.graph.responseTimePercentiles.exclude_controllers' not found, using default value 'false' instead.
2025-04-29 21:18:39,103 INFO o.a.j.r.c.ReportGeneratorConfiguration: Property 'jmeter.reportgenerator.graph.responseTimePercentilesOverTime.exclude_controllers' not found, using default value 'false' instead.
2025-04-29 21:18:39,103 INFO o.a.j.r.c.ReportGeneratorConfiguration: Property 'jmeter.reportgenerator.graph.responseTimesOverTime.exclude_controllers' not found, using default value 'false' instead.
2025-04-29 21:18:39,103 INFO o.a.j.r.c.ReportGeneratorConfiguration: Property 'jmeter.reportgenerator.graph.connectTimeOverTime.exclude_controllers' not found, using default value 'false' instead.
2025-04-29 21:18:39,103 INFO o.a.j.r.c.ReportGeneratorConfiguration: Property 'jmeter.reportgenerator.graph.latenciesOverTime.exclude_controllers' not found, using default value 'false' instead.
2025-04-29 21:18:39,104 INFO o.a.j.r.c.ReportGeneratorConfiguration: Property 'jmeter.reportgenerator.exporter.json.filters_only_sample_series' not found, using default value 'true' instead.
2025-04-29 21:18:39,104 INFO o.a.j.r.c.ReportGeneratorConfiguration: Property 'jmeter.reportgenerator.exporter.json.series_filter' not found, using default value '' instead.
2025-04-29 21:18:39,104 INFO o.a.j.r.c.ReportGeneratorConfiguration: Property 'jmeter.reportgenerator.exporter.json.show_controllers_only' not found, using default value 'false' instead.
2025-04-29 21:18:39,104 INFO o.a.j.r.c.ReportGeneratorConfiguration: Property 'jmeter.reportgenerator.exporter.html.filters_only_sample_series' not found, using default value 'true' instead.
2025-04-29 21:18:39,104 INFO o.a.j.r.c.ReportGeneratorConfiguration: Property 'jmeter.reportgenerator.exporter.html.series_filter' not found, using default value '' instead.
2025-04-29 21:18:39,104 INFO o.a.j.r.c.ReportGeneratorConfiguration: Property 'jmeter.reportgenerator.exporter.html.show_controllers_only' not found, using default value 'false' instead.
2025-04-29 21:18:39,189 INFO o.a.j.s.SaveService: Testplan (JMX) version: 2.2. Testlog (JTL) version: 2.2
2025-04-29 21:18:39,206 INFO o.a.j.s.SaveService: Using SaveService properties file encoding UTF-8
2025-04-29 21:18:39,210 INFO o.a.j.s.SaveService: Using SaveService properties version 5.0
2025-04-29 21:18:39,242 INFO o.a.j.r.p.NormalizerSampleConsumer: Using format, 'ms', to parse timeStamp field
2025-04-29 21:18:39,465 INFO o.a.j.r.p.AbstractSampleConsumer: class org.apache.jmeter.report.processor.AggregateConsumer#stopProducing(): beginDate produced 0 samples
2025-04-29 21:18:39,465 INFO o.a.j.r.p.AbstractSampleConsumer: class org.apache.jmeter.report.processor.AggregateConsumer#stopProducing(): endDate produced 0 samples
2025-04-29 21:18:39,469 INFO o.a.j.r.p.AbstractSampleConsumer: class org.apache.jmeter.report.processor.ApdexSummaryConsumer#stopProducing(): apdexSummary produced 0 samples
2025-04-29 21:18:39,469 INFO o.a.j.r.p.AbstractSampleConsumer: class org.apache.jmeter.report.processor.RequestsSummaryConsumer#stopProducing(): requestsSummary produced 0 samples
2025-04-29 21:18:39,472 INFO o.a.j.r.p.AbstractSampleConsumer: class org.apache.jmeter.report.processor.StatisticsSummaryConsumer#stopProducing(): statisticsSummary produced 0 samples
2025-04-29 21:18:39,486 INFO o.a.j.r.p.AbstractSampleConsumer: class org.apache.jmeter.report.processor.Top5ErrorsBySamplerConsumer#stopProducing(): top5ErrorsBySampler produced 0 samples
2025-04-29 21:18:39,487 INFO o.a.j.r.p.AbstractSampleConsumer: class org.apache.jmeter.report.processor.ErrorsSummaryConsumer#stopProducing(): errorsSummary produced 0 samples
2025-04-29 21:18:39,487 INFO o.a.j.r.p.AbstractSampleConsumer: class org.apache.jmeter.report.processor.graph.impl.HitsPerSecondGraphConsumer#stopProducing(): hitsPerSecond produced 0 samples
2025-04-29 21:18:39,526 INFO o.a.j.r.p.AbstractSampleConsumer: class org.apache.jmeter.report.processor.graph.impl.LatencyVSRequestGraphConsumer#stopProducing(): latencyVsRequest produced 0 samples
2025-04-29 21:18:39,526 INFO o.a.j.r.p.AbstractSampleConsumer: class org.apache.jmeter.report.processor.graph.impl.SyntheticResponseTimeDistributionGraphConsumer#stopProducing(): syntheticResponseTimeDistribution produced 0 samples
2025-04-29 21:18:39,526 INFO o.a.j.r.p.AbstractSampleConsumer: class org.apache.jmeter.report.processor.graph.impl.BytesThroughputGraphConsumer#stopProducing(): bytesThroughputOverTime produced 0 samples
2025-04-29 21:18:39,526 INFO o.a.j.r.p.AbstractSampleConsumer: class org.apache.jmeter.report.processor.graph.impl.CodesPerSecondGraphConsumer#stopProducing(): codesPerSecond produced 0 samples
2025-04-29 21:18:39,530 INFO o.a.j.r.p.AbstractSampleConsumer: class org.apache.jmeter.report.processor.graph.impl.ResponseTimeVSRequestGraphConsumer#stopProducing(): responseTimeVsRequest produced 0 samples
2025-04-29 21:18:39,531 INFO o.a.j.r.p.AbstractSampleConsumer: class org.apache.jmeter.report.processor.FilterConsumer#stopProducing(): startIntervalControlerFilter produced 4200 samples
2025-04-29 21:18:39,531 INFO o.a.j.r.p.AbstractSampleConsumer: class org.apache.jmeter.report.processor.graph.impl.TotalTPSGraphConsumer#stopProducing(): totalTPS produced 0 samples
2025-04-29 21:18:39,531 INFO o.a.j.r.p.AbstractSampleConsumer: class org.apache.jmeter.report.processor.graph.impl.ActiveThreadsGraphConsumer#stopProducing(): activeThreadsOverTime produced 0 samples
2025-04-29 21:18:39,531 INFO o.a.j.r.p.AbstractSampleConsumer: class org.apache.jmeter.report.processor.graph.impl.TimeVSThreadGraphConsumer#stopProducing(): timeVsThreads produced 0 samples
2025-04-29 21:18:39,531 INFO o.a.j.r.p.AbstractSampleConsumer: class org.apache.jmeter.report.processor.graph.impl.ResponseTimeDistributionGraphConsumer#stopProducing(): responseTimeDistribution produced 0 samples
2025-04-29 21:18:39,531 INFO o.a.j.r.p.AbstractSampleConsumer: class org.apache.jmeter.report.processor.graph.impl.TransactionsPerSecondGraphConsumer#stopProducing(): transactionsPerSecond produced 0 samples
2025-04-29 21:18:39,531 INFO o.a.j.r.p.AbstractSampleConsumer: class org.apache.jmeter.report.processor.graph.impl.ResponseTimePercentilesGraphConsumer#stopProducing(): responseTimePercentiles produced 0 samples
2025-04-29 21:18:39,532 INFO o.a.j.r.p.AbstractSampleConsumer: class org.apache.jmeter.report.processor.graph.impl.ResponseTimePercentilesOverTimeGraphConsumer#stopProducing(): responseTimePercentilesOverTime produced 0 samples
2025-04-29 21:18:39,532 INFO o.a.j.r.p.AbstractSampleConsumer: class org.apache.jmeter.report.processor.graph.impl.ResponseTimeOverTimeGraphConsumer#stopProducing(): responseTimesOverTime produced 0 samples
2025-04-29 21:18:39,532 INFO o.a.j.r.p.AbstractSampleConsumer: class org.apache.jmeter.report.processor.graph.impl.ConnectTimeOverTimeGraphConsumer#stopProducing(): connectTimeOverTime produced 0 samples
2025-04-29 21:18:39,532 INFO o.a.j.r.p.AbstractSampleConsumer: class org.apache.jmeter.report.processor.graph.impl.LatencyOverTimeGraphConsumer#stopProducing(): latenciesOverTime produced 0 samples
2025-04-29 21:18:39,532 INFO o.a.j.r.p.AbstractSampleConsumer: class org.apache.jmeter.report.processor.FilterConsumer#stopProducing(): nameFilter produced 9000 samples
2025-04-29 21:18:39,532 INFO o.a.j.r.p.AbstractSampleConsumer: class org.apache.jmeter.report.processor.FilterConsumer#stopProducing(): dateRangeFilter produced 1800 samples
2025-04-29 21:18:39,532 INFO o.a.j.r.p.AbstractSampleConsumer: class org.apache.jmeter.report.processor.NormalizerSampleConsumer#stopProducing(): normalizer produced 600 samples
2025-04-29 21:18:39,533 INFO o.a.j.r.p.CsvFileSampleSource: produce(): 600 samples produced in 270ms on channel 0
2025-04-29 21:18:39,533 INFO o.a.j.r.d.ReportGenerator: Exporting data using exporter:'json' of className:'org.apache.jmeter.report.dashboard.JsonExporter'
2025-04-29 21:18:39,592 INFO o.a.j.r.d.JsonExporter: Found data for consumer statisticsSummary in context
2025-04-29 21:18:39,592 INFO o.a.j.r.d.JsonExporter: Creating statistics for overall
2025-04-29 21:18:39,592 INFO o.a.j.r.d.JsonExporter: Creating statistics for other transactions
2025-04-29 21:18:39,593 INFO o.a.j.r.d.JsonExporter: Checking output folder
2025-04-29 21:18:39,593 INFO o.a.j.r.d.JsonExporter: Writing statistics JSON to D:\itmo_labs\TPO\tpo_lab4\123\statistics.json
2025-04-29 21:18:39,624 INFO o.a.j.r.d.ReportGenerator: Exporting data using exporter:'html' of className:'org.apache.jmeter.report.dashboard.HtmlTemplateExporter'
2025-04-29 21:18:39,625 INFO o.a.j.r.d.HtmlTemplateExporter: Will generate dashboard in folder: D:\itmo_labs\TPO\tpo_lab4\123
2025-04-29 21:18:39,706 INFO o.a.j.r.d.HtmlTemplateExporter: Report will be generated in: D:\itmo_labs\TPO\tpo_lab4\123, creating folder structure
2025-04-29 21:18:39,708 INFO o.a.j.r.d.TemplateVisitor: Copying folder from 'D:\itmo_labs\TPO\tpo_lab4\apache-jmeter-5.6.3\bin\report-template' to 'D:\itmo_labs\TPO\tpo_lab4\123', got message: D:\itmo_labs\TPO\tpo_lab4\123, found non empty folder with following content [D:\itmo_labs\TPO\tpo_lab4\123\statistics.json], will be ignored
